<?xml version="1.0" encoding="UTF-8"?>
<!-- Generated by org.testng.reporters.JUnitReportReporter -->
<testsuite hostname="Golam-PC2" name="Scenarios.SmokeTest" tests="3" failures="0" timestamp="3 Jan 2020 01:51:44 GMT" time="54.934" errors="0">
  <testcase name="searchEmp" time="13.484" classname="Scenarios.SmokeTest"/>
  <testcase name="searchEmp2" time="9.447" classname="Scenarios.SmokeTest"/>
  <testcase name="openZoopla" time="32.003" classname="Scenarios.SmokeTest"/>
</testsuite> <!-- Scenarios.SmokeTest -->
